c:\users\dudek\source\repos\github - sorting algorithm visualiser v2\github - sorting algorithm visualiser v2\debug\vc142.pdb
c:\users\dudek\source\repos\github - sorting algorithm visualiser v2\github - sorting algorithm visualiser v2\debug\vc142.idb
c:\users\dudek\source\repos\github - sorting algorithm visualiser v2\github - sorting algorithm visualiser v2\debug\source.obj
c:\users\dudek\source\repos\github - sorting algorithm visualiser v2\github - sorting algorithm visualiser v2\debug\numberbox.obj
c:\users\dudek\source\repos\github - sorting algorithm visualiser v2\github - sorting algorithm visualiser v2\debug\callbacks.obj
c:\users\dudek\source\repos\github - sorting algorithm visualiser v2\github - sorting algorithm visualiser v2\debug\moving.obj
c:\users\dudek\source\repos\github - sorting algorithm visualiser v2\github - sorting algorithm visualiser v2\debug\sortingalgo.obj
c:\users\dudek\source\repos\github - sorting algorithm visualiser v2\github - sorting algorithm visualiser v2\debug\caller.obj
c:\users\dudek\source\repos\github - sorting algorithm visualiser v2\github - sorting algorithm visualiser v2\debug\infinite_queue.obj
c:\users\dudek\source\repos\github - sorting algorithm visualiser v2\github - sorting algorithm visualiser v2\debug\interpretter.obj
c:\users\dudek\source\repos\github - sorting algorithm visualiser v2\github - sorting algorithm visualiser v2\debug\regex_fun.obj
c:\users\dudek\source\repos\github - sorting algorithm visualiser v2\github - sorting algorithm visualiser v2\debug\arryinpt.obj
c:\users\dudek\source\repos\github - sorting algorithm visualiser v2\debug\github - sorting algorithm visualiser v2.exe
c:\users\dudek\source\repos\github - sorting algorithm visualiser v2\github - sorting algorithm visualiser v2\debug\github - sorting algorithm visualiser v2.ilk
c:\users\dudek\source\repos\github - sorting algorithm visualiser v2\debug\github - sorting algorithm visualiser v2.pdb
c:\users\dudek\source\repos\github - sorting algorithm visualiser v2\github - sorting algorithm visualiser v2\debug\callbacks.obj.enc
c:\users\dudek\source\repos\github - sorting algorithm visualiser v2\github - sorting algorithm visualiser v2\debug\github -.b4e63274.tlog\cl.command.1.tlog
c:\users\dudek\source\repos\github - sorting algorithm visualiser v2\github - sorting algorithm visualiser v2\debug\github -.b4e63274.tlog\cl.read.1.tlog
c:\users\dudek\source\repos\github - sorting algorithm visualiser v2\github - sorting algorithm visualiser v2\debug\github -.b4e63274.tlog\cl.write.1.tlog
c:\users\dudek\source\repos\github - sorting algorithm visualiser v2\github - sorting algorithm visualiser v2\debug\github -.b4e63274.tlog\link.command.1.tlog
c:\users\dudek\source\repos\github - sorting algorithm visualiser v2\github - sorting algorithm visualiser v2\debug\github -.b4e63274.tlog\link.read.1.tlog
c:\users\dudek\source\repos\github - sorting algorithm visualiser v2\github - sorting algorithm visualiser v2\debug\github -.b4e63274.tlog\link.write.1.tlog
